

Microchip Technology PIC LITE Macro Assembler V1.34 build -361300703 
                                                                                               Tue Jun 23 22:47:19 2015

Microchip Technology Omniscient Code Generator (Lite mode) build 201502162209
     1                           	processor	16F917
     2                           	opt	pw 120
     3                           	opt	lm
     4                           	psect	idataCOMMON,global,class=CODE,delta=2
     5                           	psect	idataBANK0,global,class=CODE,delta=2
     6                           	psect	stringtext,global,reloc=256,class=STRCODE,delta=2
     7                           	psect	cinit,global,class=CODE,merge=1,delta=2
     8                           	psect	bssCOMMON,global,class=COMMON,space=1,delta=1
     9                           	psect	dataCOMMON,global,class=COMMON,space=1,delta=1
    10                           	psect	bssBANK0,global,class=BANK0,space=1,delta=1
    11                           	psect	dataBANK0,global,class=BANK0,space=1,delta=1
    12                           	psect	clrtext,global,class=CODE,delta=2
    13                           	psect	cstackCOMMON,global,class=COMMON,space=1,delta=1
    14                           	psect	maintext,global,class=CODE,split=1,delta=2
    15                           	psect	text1,local,class=CODE,merge=1,delta=2
    16                           	dabs	1,0x7E,2
    17  0000                     	;# 
    18  0001                     	;# 
    19  0002                     	;# 
    20  0003                     	;# 
    21  0004                     	;# 
    22  0005                     	;# 
    23  0006                     	;# 
    24  0007                     	;# 
    25  0008                     	;# 
    26  0009                     	;# 
    27  000A                     	;# 
    28  000B                     	;# 
    29  000C                     	;# 
    30  000D                     	;# 
    31  000E                     	;# 
    32  000E                     	;# 
    33  000F                     	;# 
    34  0010                     	;# 
    35  0011                     	;# 
    36  0012                     	;# 
    37  0013                     	;# 
    38  0014                     	;# 
    39  0015                     	;# 
    40  0015                     	;# 
    41  0016                     	;# 
    42  0017                     	;# 
    43  0018                     	;# 
    44  0019                     	;# 
    45  001A                     	;# 
    46  001B                     	;# 
    47  001B                     	;# 
    48  001C                     	;# 
    49  001D                     	;# 
    50  001E                     	;# 
    51  001F                     	;# 
    52  0081                     	;# 
    53  0085                     	;# 
    54  0086                     	;# 
    55  0087                     	;# 
    56  0088                     	;# 
    57  0089                     	;# 
    58  008C                     	;# 
    59  008D                     	;# 
    60  008E                     	;# 
    61  008F                     	;# 
    62  0090                     	;# 
    63  0091                     	;# 
    64  0092                     	;# 
    65  0093                     	;# 
    66  0094                     	;# 
    67  0095                     	;# 
    68  0095                     	;# 
    69  0096                     	;# 
    70  0096                     	;# 
    71  0097                     	;# 
    72  0098                     	;# 
    73  0099                     	;# 
    74  009C                     	;# 
    75  009D                     	;# 
    76  009E                     	;# 
    77  009F                     	;# 
    78  0105                     	;# 
    79  0107                     	;# 
    80  0108                     	;# 
    81  0109                     	;# 
    82  010C                     	;# 
    83  010C                     	;# 
    84  010D                     	;# 
    85  010D                     	;# 
    86  010E                     	;# 
    87  010F                     	;# 
    88  0110                     	;# 
    89  0111                     	;# 
    90  0112                     	;# 
    91  0113                     	;# 
    92  0114                     	;# 
    93  0115                     	;# 
    94  0116                     	;# 
    95  0117                     	;# 
    96  0118                     	;# 
    97  0119                     	;# 
    98  011A                     	;# 
    99  011B                     	;# 
   100  011C                     	;# 
   101  011D                     	;# 
   102  011E                     	;# 
   103  018C                     	;# 
   104  018D                     	;# 
   105                           
   106                           	psect	idataCOMMON
   107  075D                     __pidataCOMMON:	
   108                           
   109                           ;initializer for _supVolt
   110  075D  3466               	retlw	102
   111  075E  3486               	retlw	134
   112  075F  3440               	retlw	64
   113                           
   114                           ;initializer for _currentGain
   115  0760  34C8               	retlw	200
   116                           
   117                           	psect	idataBANK0
   118  075A                     __pidataBANK0:	
   119                           
   120                           ;initializer for _shuntRes
   121  075A  34D7               	retlw	215
   122  075B  3423               	retlw	35
   123  075C  343C               	retlw	60
   124                           
   125                           	psect	stringtext
   126  0800                     __pstringtext:	
   127  0800                     stringtab:	
   128  0800                     __stringtab:	
   129                           
   130                           ;	String table - string pointers are 2 bytes each
   131  0800  1BFF               	btfsc	btemp+1,7
   132  0801  280A               	ljmp	stringcode
   133  0802  1383               	bcf	3,7
   134  0803  187F               	btfsc	btemp+1,0
   135  0804  1783               	bsf	3,7
   136  0805  0800               	movf	0,w
   137  0806  0A84               	incf	4,f
   138  0807  1903               	skipnz
   139  0808  0AFF               	incf	btemp+1,f
   140  0809  0008               	return
   141  080A                     stringcode:	
   142  080A  087F               	movf	btemp+1,w
   143  080B  397F               	andlw	127
   144  080C  008A               	movwf	10
   145  080D  0804               	movf	4,w
   146  080E  0A84               	incf	4,f
   147  080F  1903               	skipnz
   148  0810  0AFF               	incf	btemp+1,f
   149  0811  0082               	movwf	2
   150  0812                     __stringbase:	
   151  0812                     __end_of__stringtab:	
   152  0812                     _dpowers:	
   153  0812  3401               	retlw	1
   154  0813  3400               	retlw	0
   155  0814  3400               	retlw	0
   156  0815  3400               	retlw	0
   157  0816  340A               	retlw	10
   158  0817  3400               	retlw	0
   159  0818  3400               	retlw	0
   160  0819  3400               	retlw	0
   161  081A  3464               	retlw	100
   162  081B  3400               	retlw	0
   163  081C  3400               	retlw	0
   164  081D  3400               	retlw	0
   165  081E  34E8               	retlw	232
   166  081F  3403               	retlw	3
   167  0820  3400               	retlw	0
   168  0821  3400               	retlw	0
   169  0822  3410               	retlw	16
   170  0823  3427               	retlw	39
   171  0824  3400               	retlw	0
   172  0825  3400               	retlw	0
   173  0826  34A0               	retlw	160
   174  0827  3486               	retlw	134
   175  0828  3401               	retlw	1
   176  0829  3400               	retlw	0
   177  082A  3440               	retlw	64
   178  082B  3442               	retlw	66
   179  082C  340F               	retlw	15
   180  082D  3400               	retlw	0
   181  082E  3480               	retlw	128
   182  082F  3496               	retlw	150
   183  0830  3498               	retlw	152
   184  0831  3400               	retlw	0
   185  0832  3400               	retlw	0
   186  0833  34E1               	retlw	225
   187  0834  34F5               	retlw	245
   188  0835  3405               	retlw	5
   189  0836  3400               	retlw	0
   190  0837  34CA               	retlw	202
   191  0838  349A               	retlw	154
   192  0839  343B               	retlw	59
   193  083A                     __end_of_dpowers:	
   194  083A                     __npowers_:	
   195  083A  3400               	retlw	0
   196  083B  3480               	retlw	128
   197  083C  343F               	retlw	63
   198  083D  34CD               	retlw	205
   199  083E  34CC               	retlw	204
   200  083F  343D               	retlw	61
   201  0840  34D7               	retlw	215
   202  0841  3423               	retlw	35
   203  0842  343C               	retlw	60
   204  0843  3412               	retlw	18
   205  0844  3483               	retlw	131
   206  0845  343A               	retlw	58
   207  0846  34B7               	retlw	183
   208  0847  34D1               	retlw	209
   209  0848  3438               	retlw	56
   210  0849  34C6               	retlw	198
   211  084A  3427               	retlw	39
   212  084B  3437               	retlw	55
   213  084C  3438               	retlw	56
   214  084D  3486               	retlw	134
   215  084E  3435               	retlw	53
   216  084F  34C0               	retlw	192
   217  0850  34D6               	retlw	214
   218  0851  3433               	retlw	51
   219  0852  34CC               	retlw	204
   220  0853  342B               	retlw	43
   221  0854  3432               	retlw	50
   222  0855  3470               	retlw	112
   223  0856  3489               	retlw	137
   224  0857  3430               	retlw	48
   225  0858  34E7               	retlw	231
   226  0859  34DB               	retlw	219
   227  085A  342E               	retlw	46
   228  085B  34E5               	retlw	229
   229  085C  343C               	retlw	60
   230  085D  341E               	retlw	30
   231  085E  3442               	retlw	66
   232  085F  34A2               	retlw	162
   233  0860  340D               	retlw	13
   234  0861                     __end_of__npowers_:	
   235  0861                     __powers_:	
   236  0861  3400               	retlw	0
   237  0862  3480               	retlw	128
   238  0863  343F               	retlw	63
   239  0864  3400               	retlw	0
   240  0865  3420               	retlw	32
   241  0866  3441               	retlw	65
   242  0867  3400               	retlw	0
   243  0868  34C8               	retlw	200
   244  0869  3442               	retlw	66
   245  086A  3400               	retlw	0
   246  086B  347A               	retlw	122
   247  086C  3444               	retlw	68
   248  086D  3440               	retlw	64
   249  086E  341C               	retlw	28
   250  086F  3446               	retlw	70
   251  0870  3450               	retlw	80
   252  0871  34C3               	retlw	195
   253  0872  3447               	retlw	71
   254  0873  3424               	retlw	36
   255  0874  3474               	retlw	116
   256  0875  3449               	retlw	73
   257  0876  3497               	retlw	151
   258  0877  3418               	retlw	24
   259  0878  344B               	retlw	75
   260  0879  34BC               	retlw	188
   261  087A  34BE               	retlw	190
   262  087B  344C               	retlw	76
   263  087C  346B               	retlw	107
   264  087D  346E               	retlw	110
   265  087E  344E               	retlw	78
   266  087F  3403               	retlw	3
   267  0880  3415               	retlw	21
   268  0881  3450               	retlw	80
   269  0882  3479               	retlw	121
   270  0883  34AD               	retlw	173
   271  0884  3460               	retlw	96
   272  0885  34F3               	retlw	243
   273  0886  3449               	retlw	73
   274  0887  3471               	retlw	113
   275  0888                     __end_of__powers_:	
   276  0888                     _cell1RDB:	
   277  0888  3480               	retlw	128
   278  0889  3409               	retlw	9
   279  088A  3445               	retlw	69
   280  088B                     __end_of_cell1RDB:	
   281  088B                     _cell1RDT:	
   282  088B  3480               	retlw	128
   283  088C  3409               	retlw	9
   284  088D  3445               	retlw	69
   285  088E                     __end_of_cell1RDT:	
   286  088E                     _cell2RDB:	
   287  088E  3480               	retlw	128
   288  088F  3409               	retlw	9
   289  0890  3445               	retlw	69
   290  0891                     __end_of_cell2RDB:	
   291  0891                     _cell2RDT:	
   292  0891  34E0               	retlw	224
   293  0892  3492               	retlw	146
   294  0893  3445               	retlw	69
   295  0894                     __end_of_cell2RDT:	
   296  0894                     _cell3RDB:	
   297  0894  3480               	retlw	128
   298  0895  3409               	retlw	9
   299  0896  3445               	retlw	69
   300  0897                     __end_of_cell3RDB:	
   301  0897                     _cell3RDT:	
   302  0897  3440               	retlw	64
   303  0898  341C               	retlw	28
   304  0899  3446               	retlw	70
   305  089A                     __end_of_cell3RDT:	
   306  089A                     _cell4RDB:	
   307  089A  3480               	retlw	128
   308  089B  3409               	retlw	9
   309  089C  3445               	retlw	69
   310  089D                     __end_of_cell4RDB:	
   311  089D                     _cell4RDT:	
   312  089D  34B0               	retlw	176
   313  089E  3465               	retlw	101
   314  089F  3446               	retlw	70
   315  08A0                     __end_of_cell4RDT:	
   316  08A0                     _cell5RDB:	
   317  08A0  3480               	retlw	128
   318  08A1  3409               	retlw	9
   319  08A2  3445               	retlw	69
   320  08A3                     __end_of_cell5RDB:	
   321  08A3                     _cell5RDT:	
   322  08A3  3440               	retlw	64
   323  08A4  349C               	retlw	156
   324  08A5  3446               	retlw	70
   325  08A6                     __end_of_cell5RDT:	
   326  08A6                     _cell6RDB:	
   327  08A6  3480               	retlw	128
   328  08A7  3409               	retlw	9
   329  08A8  3445               	retlw	69
   330  08A9                     __end_of_cell6RDB:	
   331  08A9                     _cell6RDT:	
   332  08A9  34F8               	retlw	248
   333  08AA  34C0               	retlw	192
   334  08AB  3446               	retlw	70
   335  08AC                     __end_of_cell6RDT:	
   336  08AC                     _refVolt:	
   337  08AC  34B2               	retlw	178
   338  08AD  34FD               	retlw	253
   339  08AE  343F               	retlw	63
   340  08AF                     __end_of_refVolt:	
   341  001F                     _ADCON0bits	set	31
   342  001E                     _ADRESH	set	30
   343  000C                     _PIR1bits	set	12
   344  002E                     _RA6	set	46
   345  002F                     _RA7	set	47
   346  0030                     _RB0	set	48
   347  0031                     _RB1	set	49
   348  0032                     _RB2	set	50
   349  0033                     _RB3	set	51
   350  0034                     _RB4	set	52
   351  0035                     _RB5	set	53
   352  0039                     _RC1	set	57
   353  003A                     _RC2	set	58
   354  003B                     _RC3	set	59
   355  0040                     _RD0	set	64
   356  0041                     _RD1	set	65
   357  0042                     _RD2	set	66
   358  0044                     _RD4	set	68
   359  0047                     _RD7	set	71
   360  009F                     _ADCON1bits	set	159
   361  009E                     _ADRESL	set	158
   362  0091                     _ANSEL	set	145
   363  009C                     _CMCON0bits	set	156
   364  0085                     _TRISA	set	133
   365  0086                     _TRISB	set	134
   366  0087                     _TRISC	set	135
   367  0088                     _TRISD	set	136
   368  0089                     _TRISE	set	137
   369  0107                     _LCDCON	set	263
   370  08AF                     STR_4:	
   371  08AF  3443               	retlw	67	;'C'
   372  08B0  3475               	retlw	117	;'u'
   373  08B1  3472               	retlw	114	;'r'
   374  08B2  3472               	retlw	114	;'r'
   375  08B3  3465               	retlw	101	;'e'
   376  08B4  346E               	retlw	110	;'n'
   377  08B5  3474               	retlw	116	;'t'
   378  08B6  343A               	retlw	58	;':'
   379  08B7  3425               	retlw	37	;'%'
   380  08B8  342E               	retlw	46	;'.'
   381  08B9  3433               	retlw	51	;'3'
   382  08BA  3466               	retlw	102	;'f'
   383  08BB  3441               	retlw	65	;'A'
   384  08BC  3400               	retlw	0
   385  08BD                     STR_3:	
   386  08BD  3456               	retlw	86	;'V'
   387  08BE  346F               	retlw	111	;'o'
   388  08BF  346C               	retlw	108	;'l'
   389  08C0  3474               	retlw	116	;'t'
   390  08C1  3461               	retlw	97	;'a'
   391  08C2  3467               	retlw	103	;'g'
   392  08C3  3465               	retlw	101	;'e'
   393  08C4  343A               	retlw	58	;':'
   394  08C5  3425               	retlw	37	;'%'
   395  08C6  3469               	retlw	105	;'i'
   396  08C7  3420               	retlw	32	;' '
   397  08C8  3456               	retlw	86	;'V'
   398  08C9  3400               	retlw	0
   399  08CA                     STR_5:	
   400  08CA  3443               	retlw	67	;'C'
   401  08CB  3465               	retlw	101	;'e'
   402  08CC  346C               	retlw	108	;'l'
   403  08CD  346C               	retlw	108	;'l'
   404  08CE  3420               	retlw	32	;' '
   405  08CF  3431               	retlw	49	;'1'
   406  08D0  343A               	retlw	58	;':'
   407  08D1  3425               	retlw	37	;'%'
   408  08D2  342E               	retlw	46	;'.'
   409  08D3  3432               	retlw	50	;'2'
   410  08D4  3466               	retlw	102	;'f'
   411  08D5  3400               	retlw	0
   412  08D6                     STR_6:	
   413  08D6  3443               	retlw	67	;'C'
   414  08D7  3465               	retlw	101	;'e'
   415  08D8  346C               	retlw	108	;'l'
   416  08D9  346C               	retlw	108	;'l'
   417  08DA  3420               	retlw	32	;' '
   418  08DB  3432               	retlw	50	;'2'
   419  08DC  343A               	retlw	58	;':'
   420  08DD  3425               	retlw	37	;'%'
   421  08DE  342E               	retlw	46	;'.'
   422  08DF  3432               	retlw	50	;'2'
   423  08E0  3466               	retlw	102	;'f'
   424  08E1  3400               	retlw	0
   425  08E2                     STR_7:	
   426  08E2  3443               	retlw	67	;'C'
   427  08E3  3465               	retlw	101	;'e'
   428  08E4  346C               	retlw	108	;'l'
   429  08E5  346C               	retlw	108	;'l'
   430  08E6  3420               	retlw	32	;' '
   431  08E7  3433               	retlw	51	;'3'
   432  08E8  343A               	retlw	58	;':'
   433  08E9  3425               	retlw	37	;'%'
   434  08EA  342E               	retlw	46	;'.'
   435  08EB  3432               	retlw	50	;'2'
   436  08EC  3466               	retlw	102	;'f'
   437  08ED  3400               	retlw	0
   438  08EE                     STR_8:	
   439  08EE  3443               	retlw	67	;'C'
   440  08EF  3465               	retlw	101	;'e'
   441  08F0  346C               	retlw	108	;'l'
   442  08F1  346C               	retlw	108	;'l'
   443  08F2  3420               	retlw	32	;' '
   444  08F3  3434               	retlw	52	;'4'
   445  08F4  343A               	retlw	58	;':'
   446  08F5  3425               	retlw	37	;'%'
   447  08F6  342E               	retlw	46	;'.'
   448  08F7  3432               	retlw	50	;'2'
   449  08F8  3466               	retlw	102	;'f'
   450  08F9  3400               	retlw	0
   451  08FA                     STR_9:	
   452  08FA  3443               	retlw	67	;'C'
   453  08FB  3465               	retlw	101	;'e'
   454  08FC  346C               	retlw	108	;'l'
   455  08FD  346C               	retlw	108	;'l'
   456  08FE  3420               	retlw	32	;' '
   457  08FF  3435               	retlw	53	;'5'
   458  0900  343A               	retlw	58	;':'
   459  0901  3425               	retlw	37	;'%'
   460  0902  342E               	retlw	46	;'.'
   461  0903  3432               	retlw	50	;'2'
   462  0904  3466               	retlw	102	;'f'
   463  0905  3400               	retlw	0
   464  0906                     STR_10:	
   465  0906  3443               	retlw	67	;'C'
   466  0907  3465               	retlw	101	;'e'
   467  0908  346C               	retlw	108	;'l'
   468  0909  346C               	retlw	108	;'l'
   469  090A  3420               	retlw	32	;' '
   470  090B  3436               	retlw	54	;'6'
   471  090C  343A               	retlw	58	;':'
   472  090D  3425               	retlw	37	;'%'
   473  090E  342E               	retlw	46	;'.'
   474  090F  3432               	retlw	50	;'2'
   475  0910  3466               	retlw	102	;'f'
   476  0911  3400               	retlw	0
   477  0912                     STR_1:	
   478  0912  3425               	retlw	37	;'%'
   479  0913  3464               	retlw	100	;'d'
   480  0914  3400               	retlw	0
   481  0915                     STR_2:	
   482  0915  3425               	retlw	37	;'%'
   483  0916  3466               	retlw	102	;'f'
   484  0917  3400               	retlw	0
   485                           
   486                           ; #config settings
   487  0000                     
   488                           	psect	cinit
   489  07C6                     start_initialization:	
   490  07C6                     __initialization:	
   491                           
   492                           ; Clear objects allocated to COMMON
   493  07C6  01F0               	clrf	__pbssCOMMON& (0+127)
   494  07C7  01F1               	clrf	(__pbssCOMMON+1)& (0+127)
   495  07C8  01F2               	clrf	(__pbssCOMMON+2)& (0+127)
   496  07C9  01F3               	clrf	(__pbssCOMMON+3)& (0+127)
   497  07CA  01F4               	clrf	(__pbssCOMMON+4)& (0+127)
   498                           
   499                           ; Clear objects allocated to BANK0
   500  07CB  1383               	bcf	3,7	;select IRP bank0
   501  07CC  3020               	movlw	low __pbssBANK0
   502  07CD  0084               	movwf	4
   503  07CE  3032               	movlw	low (__pbssBANK0+18)
   504  07CF  120A  118A  2761  120A  118A  	fcall	clear_ram0
   505                           
   506                           ; Initialize objects allocated to BANK0
   507  07D4  120A  118A  275A  120A  118A  	fcall	__pidataBANK0	;fetch initializer
   508  07D9  00B2               	movwf	__pdataBANK0& (0+127)
   509  07DA  120A  118A  275B  120A  118A  	fcall	__pidataBANK0+1	;fetch initializer
   510  07DF  00B3               	movwf	(__pdataBANK0+1)& (0+127)
   511  07E0  120A  118A  275C  120A  118A  	fcall	__pidataBANK0+2	;fetch initializer
   512  07E5  00B4               	movwf	(__pdataBANK0+2)& (0+127)
   513                           
   514                           ; Initialize objects allocated to COMMON
   515  07E6  120A  118A  275D  120A  118A  	fcall	__pidataCOMMON	;fetch initializer
   516  07EB  00F5               	movwf	__pdataCOMMON& (0+127)
   517  07EC  120A  118A  275E  120A  118A  	fcall	__pidataCOMMON+1	;fetch initializer
   518  07F1  00F6               	movwf	(__pdataCOMMON+1)& (0+127)
   519  07F2  120A  118A  275F  120A  118A  	fcall	__pidataCOMMON+2	;fetch initializer
   520  07F7  00F7               	movwf	(__pdataCOMMON+2)& (0+127)
   521  07F8  120A  118A  2760   	fcall	__pidataCOMMON+3	;fetch initializer
   522  07FB  00F8               	movwf	(__pdataCOMMON+3)& (0+127)
   523  07FC                     end_of_initialization:	
   524                           ;End of C runtime variable initialization code
   525                           
   526  07FC                     __end_of__initialization:	
   527  07FC  0183               	clrf	3
   528  07FD  120A  118A  2F84   	ljmp	_main	;jump to C main() function
   529                           
   530                           	psect	bssCOMMON
   531  0070                     __pbssCOMMON:	
   532  0070                     _current:	
   533  0070                     	ds	3
   534  0073                     _refValue:	
   535  0073                     	ds	2
   536                           
   537                           	psect	dataCOMMON
   538  0075                     __pdataCOMMON:	
   539  0075                     _supVolt:	
   540  0075                     	ds	3
   541  0078                     _currentGain:	
   542  0078                     	ds	1
   543                           
   544                           	psect	bssBANK0
   545  0020                     __pbssBANK0:	
   546  0020                     _cellVolt:	
   547  0020                     	ds	18
   548                           
   549                           	psect	dataBANK0
   550  0032                     __pdataBANK0:	
   551  0032                     _shuntRes:	
   552  0032                     	ds	3
   553                           
   554                           	psect	clrtext
   555  0761                     clear_ram0:	
   556                           ;	Called with FSR containing the base address, and
   557                           ;	W with the last address+1
   558                           
   559  0761  0064               	clrwdt	;clear the watchdog before getting into this loop
   560  0762                     clrloop0:	
   561  0762  0180               	clrf	0	;clear RAM location pointed to by FSR
   562  0763  0A84               	incf	4,f	;increment pointer
   563  0764  0604               	xorwf	4,w	;XOR with final address
   564  0765  1903               	btfsc	3,2	;have we reached the end yet?
   565  0766  3400               	retlw	0	;all done for this memory range, return
   566  0767  0604               	xorwf	4,w	;XOR again to restore value
   567  0768  2F62               	goto	clrloop0	;do the next byte
   568                           
   569                           	psect	cstackCOMMON
   570  0079                     __pcstackCOMMON:	
   571  0079                     ?_currentGainInit:	
   572  0079                     ??_currentGainInit:	
   573                           ; 0 bytes @ 0x0
   574                           
   575  0079                     ?_main:	
   576                           ; 0 bytes @ 0x0
   577                           
   578  0079                     currentGainInit@gain:	
   579                           ; 0 bytes @ 0x0
   580                           
   581                           
   582                           ; 1 bytes @ 0x0
   583  0079                     	ds	1
   584  007A                     ??_main:	
   585                           
   586                           ; 0 bytes @ 0x1
   587  007A                     	ds	2
   588                           
   589                           	psect	maintext
   590  0784                     __pmaintext:	
   591 ;;
   592 ;;Main: autosize = 0, tempsize = 2, incstack = 0, save=0
   593 ;;
   594 ;; *************** function _main *****************
   595 ;; Defined at:
   596 ;;		line 66 in file "PIC16F946 Battery Management.c"
   597 ;; Parameters:    Size  Location     Type
   598 ;;		None
   599 ;; Auto vars:     Size  Location     Type
   600 ;;		None
   601 ;; Return value:  Size  Location     Type
   602 ;;		None               void
   603 ;; Registers used:
   604 ;;		wreg, status,2, status,0, pclath, cstack
   605 ;; Tracked objects:
   606 ;;		On entry : B00/0
   607 ;;		On exit  : 0/0
   608 ;;		Unchanged: 0/0
   609 ;; Data sizes:     COMMON   BANK0   BANK1   BANK3   BANK2
   610 ;;      Params:         0       0       0       0       0
   611 ;;      Locals:         0       0       0       0       0
   612 ;;      Temps:          2       0       0       0       0
   613 ;;      Totals:         2       0       0       0       0
   614 ;;Total ram usage:        2 bytes
   615 ;; Hardware stack levels required when called:    1
   616 ;; This function calls:
   617 ;;		_currentGainInit
   618 ;; This function is called by:
   619 ;;		Startup code after reset
   620 ;; This function uses a non-reentrant model
   621 ;;
   622                           
   623                           
   624                           ;psect for function _main
   625  0784                     _main:	
   626                           
   627                           ;PIC16F946 Battery Management.c: 71: TRISA = 0b00111111;
   628                           
   629                           ;incstack = 0
   630                           ; Regs used in _main: [wreg+status,2+status,0+pclath+cstack]
   631  0784  303F               	movlw	63
   632  0785  1683               	bsf	3,5	;RP0=1, select bank1
   633  0786  1303               	bcf	3,6	;RP1=0, select bank1
   634  0787  0085               	movwf	5	;volatile
   635                           
   636                           ;PIC16F946 Battery Management.c: 72: TRISB = 0b00000000;
   637  0788  0186               	clrf	6	;volatile
   638                           
   639                           ;PIC16F946 Battery Management.c: 73: TRISC = 0b00000000;
   640  0789  0187               	clrf	7	;volatile
   641                           
   642                           ;PIC16F946 Battery Management.c: 74: TRISD = 0b00100000;
   643  078A  3020               	movlw	32
   644  078B  0088               	movwf	8	;volatile
   645                           
   646                           ;PIC16F946 Battery Management.c: 75: TRISE = 0b00000111;
   647  078C  3007               	movlw	7
   648  078D  0089               	movwf	9	;volatile
   649                           
   650                           ;PIC16F946 Battery Management.c: 77: RD2 = 1;
   651  078E  1283               	bcf	3,5	;RP0=0, select bank0
   652  078F  1303               	bcf	3,6	;RP1=0, select bank0
   653  0790  1508               	bsf	8,2	;volatile
   654                           
   655                           ;PIC16F946 Battery Management.c: 79: CMCON0bits.CM = 7;
   656  0791  3007               	movlw	7
   657  0792  1683               	bsf	3,5	;RP0=1, select bank1
   658  0793  1303               	bcf	3,6	;RP1=0, select bank1
   659  0794  049C               	iorwf	28,f	;volatile
   660                           
   661                           ;PIC16F946 Battery Management.c: 80: LCDCON = 0;
   662  0795  1283               	bcf	3,5	;RP0=0, select bank2
   663  0796  1703               	bsf	3,6	;RP1=1, select bank2
   664  0797  0187               	clrf	7	;volatile
   665                           
   666                           ;PIC16F946 Battery Management.c: 83: ANSEL = 0xFF;
   667  0798  30FF               	movlw	255
   668  0799  1683               	bsf	3,5	;RP0=1, select bank1
   669  079A  1303               	bcf	3,6	;RP1=0, select bank1
   670  079B  0091               	movwf	17	;volatile
   671                           
   672                           ;PIC16F946 Battery Management.c: 85: ADCON1bits.ADCS = 0b111;
   673  079C  3070               	movlw	112
   674  079D  049F               	iorwf	31,f	;volatile
   675                           
   676                           ;PIC16F946 Battery Management.c: 86: ADCON0bits.ADFM = 1;
   677  079E  1283               	bcf	3,5	;RP0=0, select bank0
   678  079F  1303               	bcf	3,6	;RP1=0, select bank0
   679  07A0  179F               	bsf	31,7	;volatile
   680                           
   681                           ;PIC16F946 Battery Management.c: 87: ADCON0bits.VCFG = 0b00;
   682  07A1  309F               	movlw	-97
   683  07A2  059F               	andwf	31,f	;volatile
   684                           
   685                           ;PIC16F946 Battery Management.c: 88: ADCON0bits.ADON = 1;
   686  07A3  141F               	bsf	31,0	;volatile
   687                           
   688                           ;PIC16F946 Battery Management.c: 91: currentGainInit( 200 );
   689  07A4  30C8               	movlw	200
   690  07A5  120A  118A  2769  120A  118A  	fcall	_currentGainInit
   691                           
   692                           ;PIC16F946 Battery Management.c: 101: RD4 = 0;
   693  07AA  1283               	bcf	3,5	;RP0=0, select bank0
   694  07AB  1303               	bcf	3,6	;RP1=0, select bank0
   695  07AC  1208               	bcf	8,4	;volatile
   696  07AD                     l939:	
   697                           ;PIC16F946 Battery Management.c: 104: while(1)
   698                           
   699                           
   700                           ;PIC16F946 Battery Management.c: 105: {
   701                           ;PIC16F946 Battery Management.c: 106: RC1 = 1;
   702  07AD  1283               	bcf	3,5	;RP0=0, select bank0
   703  07AE  1303               	bcf	3,6	;RP1=0, select bank0
   704  07AF  1487               	bsf	7,1	;volatile
   705                           
   706                           ;PIC16F946 Battery Management.c: 108: _delay((unsigned long)((100)*(4000000/4000.0)));
   707  07B0  3082               	movlw	130
   708  07B1  00FB               	movwf	??_main+1
   709  07B2  30DD               	movlw	221
   710  07B3  00FA               	movwf	??_main
   711  07B4                     u547:	
   712  07B4  0BFA               	decfsz	??_main,f
   713  07B5  2FB4               	goto	u547
   714  07B6  0BFB               	decfsz	??_main+1,f
   715  07B7  2FB4               	goto	u547
   716  07B8  2FB9               	nop2
   717                           
   718                           ;PIC16F946 Battery Management.c: 110: RC1 = 0;
   719  07B9  1283               	bcf	3,5	;RP0=0, select bank0
   720  07BA  1303               	bcf	3,6	;RP1=0, select bank0
   721  07BB  1087               	bcf	7,1	;volatile
   722                           
   723                           ;PIC16F946 Battery Management.c: 112: _delay((unsigned long)((100)*(4000000/4000.0)));
   724  07BC  3082               	movlw	130
   725  07BD  00FB               	movwf	??_main+1
   726  07BE  30DD               	movlw	221
   727  07BF  00FA               	movwf	??_main
   728  07C0                     u557:	
   729  07C0  0BFA               	decfsz	??_main,f
   730  07C1  2FC0               	goto	u557
   731  07C2  0BFB               	decfsz	??_main+1,f
   732  07C3  2FC0               	goto	u557
   733  07C4  2FC5               	nop2
   734  07C5  2FAD               	goto	l939
   735  07C6                     __end_of_main:	
   736                           
   737                           	psect	text1
   738  0769                     __ptext1:	
   739 ;; *************** function _currentGainInit *****************
   740 ;; Defined at:
   741 ;;		line 320 in file "PIC16F946 Battery Management.c"
   742 ;; Parameters:    Size  Location     Type
   743 ;;  gain            1    wreg     unsigned char 
   744 ;; Auto vars:     Size  Location     Type
   745 ;;  gain            1    0[COMMON] unsigned char 
   746 ;; Return value:  Size  Location     Type
   747 ;;		None               void
   748 ;; Registers used:
   749 ;;		wreg, status,2, status,0
   750 ;; Tracked objects:
   751 ;;		On entry : 0/0
   752 ;;		On exit  : 0/0
   753 ;;		Unchanged: 0/0
   754 ;; Data sizes:     COMMON   BANK0   BANK1   BANK3   BANK2
   755 ;;      Params:         0       0       0       0       0
   756 ;;      Locals:         1       0       0       0       0
   757 ;;      Temps:          0       0       0       0       0
   758 ;;      Totals:         1       0       0       0       0
   759 ;;Total ram usage:        1 bytes
   760 ;; Hardware stack levels used:    1
   761 ;; This function calls:
   762 ;;		Nothing
   763 ;; This function is called by:
   764 ;;		_main
   765 ;; This function uses a non-reentrant model
   766 ;;
   767                           
   768                           
   769                           ;psect for function _currentGainInit
   770  0769                     _currentGainInit:	
   771                           
   772                           ;incstack = 0
   773                           ; Regs used in _currentGainInit: [wreg+status,2+status,0]
   774                           ;currentGainInit@gain stored from wreg
   775  0769  00F9               	movwf	currentGainInit@gain
   776                           
   777                           ;PIC16F946 Battery Management.c: 322: if ( gain >= 100 )
   778  076A  3064               	movlw	100
   779  076B  0279               	subwf	currentGainInit@gain,w
   780  076C  1C03               	skipc
   781  076D  2F79               	goto	l188
   782                           
   783                           ;PIC16F946 Battery Management.c: 323: {
   784                           ;PIC16F946 Battery Management.c: 324: RA6 = 1;
   785  076E  1283               	bcf	3,5	;RP0=0, select bank0
   786  076F  1303               	bcf	3,6	;RP1=0, select bank0
   787  0770  1705               	bsf	5,6	;volatile
   788                           
   789                           ;PIC16F946 Battery Management.c: 326: if ( gain == 100 )
   790  0771  3064               	movlw	100
   791  0772  0679               	xorwf	currentGainInit@gain,w
   792  0773  1D03               	btfss	3,2
   793  0774  2F77               	goto	l189
   794                           
   795                           ;PIC16F946 Battery Management.c: 327: {
   796                           ;PIC16F946 Battery Management.c: 328: RA7 = 0;
   797  0775  1385               	bcf	5,7	;volatile
   798                           
   799                           ;PIC16F946 Battery Management.c: 330: }
   800                           
   801                           ;PIC16F946 Battery Management.c: 329: return;
   802  0776  0008               	return
   803  0777                     l189:	
   804                           
   805                           ;PIC16F946 Battery Management.c: 331: else
   806                           ;PIC16F946 Battery Management.c: 332: {
   807                           ;PIC16F946 Battery Management.c: 333: RA7 = 1;
   808  0777  1785               	bsf	5,7	;volatile
   809                           
   810                           ;PIC16F946 Battery Management.c: 335: }
   811                           ;PIC16F946 Battery Management.c: 337: }
   812                           
   813                           ;PIC16F946 Battery Management.c: 334: return;
   814  0778  0008               	return
   815  0779                     l188:	
   816                           
   817                           ;PIC16F946 Battery Management.c: 339: else
   818                           ;PIC16F946 Battery Management.c: 340: {
   819                           ;PIC16F946 Battery Management.c: 341: RA6 = 0;
   820  0779  1283               	bcf	3,5	;RP0=0, select bank0
   821  077A  1303               	bcf	3,6	;RP1=0, select bank0
   822  077B  1305               	bcf	5,6	;volatile
   823                           
   824                           ;PIC16F946 Battery Management.c: 343: if ( gain == 25 )
   825  077C  3019               	movlw	25
   826  077D  0679               	xorwf	currentGainInit@gain,w
   827  077E  1D03               	btfss	3,2
   828  077F  2F82               	goto	l193
   829                           
   830                           ;PIC16F946 Battery Management.c: 344: {
   831                           ;PIC16F946 Battery Management.c: 345: RA7 = 0;
   832  0780  1385               	bcf	5,7	;volatile
   833                           
   834                           ;PIC16F946 Battery Management.c: 347: }
   835                           
   836                           ;PIC16F946 Battery Management.c: 346: return;
   837  0781  0008               	return
   838  0782                     l193:	
   839                           
   840                           ;PIC16F946 Battery Management.c: 348: else
   841                           ;PIC16F946 Battery Management.c: 349: {
   842                           ;PIC16F946 Battery Management.c: 350: RA7 = 1;
   843  0782  1785               	bsf	5,7	;volatile
   844                           
   845                           ;PIC16F946 Battery Management.c: 351: return;
   846  0783  0008               	return
   847  0784                     __end_of_currentGainInit:	
   848  007E                     btemp	set	126	;btemp
   849  007E                     wtemp	set	126
   850  007E                     wtemp0	set	126
   851  0080                     wtemp1	set	128
   852  0082                     wtemp2	set	130
   853  0084                     wtemp3	set	132
   854  0086                     wtemp4	set	134
   855  0088                     wtemp5	set	136
   856  007F                     wtemp6	set	127
   857  007E                     ttemp	set	126
   858  007E                     ttemp0	set	126
   859  0081                     ttemp1	set	129
   860  0084                     ttemp2	set	132
   861  0087                     ttemp3	set	135
   862  007F                     ttemp4	set	127
   863  007E                     ltemp	set	126
   864  007E                     ltemp0	set	126
   865  0082                     ltemp1	set	130
   866  0086                     ltemp2	set	134
   867  0080                     ltemp3	set	128


Data Sizes:
    Strings     105
    Constant    157
    Data        7
    BSS         23
    Persistent  0
    Stack       0

Auto Spaces:
    Space          Size  Autos    Used
    COMMON           14      3      12
    BANK0            80      0      21
    BANK1            80      0       0
    BANK3            96      0       0
    BANK2            80      0       0

Pointer List with Targets:

    None.

Critical Paths under _main in COMMON

    _main->_currentGainInit

Critical Paths under _main in BANK0

    None.

Critical Paths under _main in BANK1

    None.

Critical Paths under _main in BANK3

    None.

Critical Paths under _main in BANK2

    None.

Call Graph Tables:

 ---------------------------------------------------------------------------------
 (Depth) Function   	        Calls       Base Space   Used Autos Params    Refs
 ---------------------------------------------------------------------------------
 (0) _main                                                 2     2      0      45
                                              1 COMMON     2     2      0
                    _currentGainInit
 ---------------------------------------------------------------------------------
 (1) _currentGainInit                                      1     1      0      45
                                              0 COMMON     1     1      0
 ---------------------------------------------------------------------------------
 Estimated maximum stack depth 1
 ---------------------------------------------------------------------------------

 Call Graph Graphs:

 _main (ROOT)
   _currentGainInit

 Address spaces:
Name               Size   Autos  Total    Cost      Usage
BANK3               60      0       0       8        0.0%
BITBANK3            60      0       0       7        0.0%
SFR3                 0      0       0       4        0.0%
BITSFR3              0      0       0       4        0.0%
BANK2               50      0       0       9        0.0%
BITBANK2            50      0       0      11        0.0%
SFR2                 0      0       0       5        0.0%
BITSFR2              0      0       0       5        0.0%
BANK1               50      0       0       6        0.0%
BITBANK1            50      0       0       5        0.0%
SFR1                 0      0       0       2        0.0%
BITSFR1              0      0       0       2        0.0%
BANK0               50      0      15       4       26.3%
BITBANK0            50      0       0       3        0.0%
SFR0                 0      0       0       1        0.0%
BITSFR0              0      0       0       1        0.0%
COMMON               E      3       C       1       85.7%
BITCOMMON            E      0       0       0        0.0%
CODE                 0      0       0       0        0.0%
DATA                 0      0      21      12        0.0%
ABS                  0      0      21      10        0.0%
NULL                 0      0       0       0        0.0%
STACK                0      0       0       2        0.0%
EEDATA             100      0       0       0        0.0%


Microchip Technology PIC Macro Assembler V1.34 build -361300703 
Symbol Table                                                                                   Tue Jun 23 22:47:19 2015

                       pc 0002               __CFG_CP$OFF 0000                        fsr 0004  
                     l193 0782                       l188 0779                       l189 0777  
                     l939 07AD                       _RB0 0030                       _RB1 0031  
                     _RB2 0032                       _RC1 0039                       _RB3 0033  
                     _RD0 0040                       _RC2 003A                       _RB4 0034  
                     _RA6 002E                       _RD1 0041                       _RC3 003B  
                     _RB5 0035                       _RA7 002F                       _RD2 0042  
                     _RD4 0044                       _RD7 0047              __CFG_CPD$OFF 0000  
                     u547 07B4                       u557 07C0                       indf 0000  
            __CFG_IESO$ON 0000                      STR_1 0912                      STR_2 0915  
                    STR_3 08BD                      STR_4 08AF                      STR_5 08CA  
                    STR_6 08D6                      STR_7 08E2                      STR_8 08EE  
                    STR_9 08FA                      _main 0784                      btemp 007E  
                    ltemp 007E                      start 0000                      ttemp 007E  
                    wtemp 007E             __CFG_MCLRE$ON 0000                     ?_main 0079  
                   STR_10 0906             __CFG_WDTE$OFF 0000                     _ANSEL 0091  
          __CFG_DEBUG$OFF 0000                     _TRISA 0085                     _TRISB 0086  
                   _TRISC 0087                     _TRISD 0088                     _TRISE 0089  
          __CFG_FCMEN$OFF 0000           __end_of_dpowers 083A           __end_of_refVolt 08AF  
          __CFG_BOREN$OFF 0000                     pclath 000A                     ltemp0 007E  
                   ltemp1 0082                     ltemp2 0086                     ltemp3 0080  
                   ttemp0 007E                     ttemp1 0081                     ttemp2 0084  
                   ttemp3 0087                     ttemp4 007F                     status 0003  
                   wtemp0 007E                     wtemp1 0080                     wtemp2 0082  
                   wtemp3 0084                     wtemp4 0086                     wtemp5 0088  
                   wtemp6 007F           __initialization 07C6              __end_of_main 07C6  
                  ??_main 007A                    _ADRESH 001E                    _ADRESL 009E  
                  _LCDCON 0107          __end_of_cell1RDB 088B          __end_of_cell2RDB 0891  
        __end_of_cell3RDB 0897          __end_of_cell1RDT 088E          __end_of_cell4RDB 089D  
        __end_of_cell2RDT 0894          __end_of_cell5RDB 08A3          __end_of_cell3RDT 089A  
        __end_of_cell6RDB 08A9          __end_of_cell4RDT 08A0          __end_of_cell5RDT 08A6  
        __end_of_cell6RDT 08AC           _currentGainInit 0769            __CFG_PWRTE$OFF 0000  
        __end_of__powers_ 0888              __pdataCOMMON 0075   __end_of__initialization 07FC  
          __pcstackCOMMON 0079              __pidataBANK0 075A   __end_of_currentGainInit 0784  
              __pbssBANK0 0020       currentGainInit@gain 0079                __pmaintext 0784  
              __stringtab 0800         __end_of__npowers_ 0861                   __ptext1 0769  
                 _dpowers 0812                   _current 0070                   _refVolt 08AC  
                 _supVolt 0075                   clrloop0 0762          ?_currentGainInit 0079  
    end_of_initialization 07FC              __pstringtext 0800             __pidataCOMMON 075D  
     start_initialization 07C6               __pdataBANK0 0032               __pbssCOMMON 0070  
               ___latbits 0002                 __npowers_ 083A                 clear_ram0 0761  
                _PIR1bits 000C                _ADCON0bits 001F               __stringbase 0812  
              _ADCON1bits 009F  __size_of_currentGainInit 001B                _CMCON0bits 009C  
      __end_of__stringtab 0812                  _cell1RDB 0888                  _cell2RDB 088E  
                _cell3RDB 0894                  _cell1RDT 088B                  _cell4RDB 089A  
                _cell2RDT 0891                  _cell5RDB 08A0                  _cell3RDT 0897  
                _cell6RDB 08A6                  _cell4RDT 089D                  _cell5RDT 08A3  
                _cell6RDT 08A9               _currentGain 0078                  _cellVolt 0020  
                __powers_ 0861             __size_of_main 0042                  _refValue 0073  
                _shuntRes 0032                 stringcode 080A         ??_currentGainInit 0079  
                stringtab 0800        __CFG_FOSC$INTOSCIO 0000  
